[21Feb2025 00:00:04.376] [Server thread/WARN] [net.minecraft.server.MinecraftServer/]: Can't keep up! Is the server overloaded? Running 2235ms or 44 ticks behind
[21Feb2025 00:00:22.121] [Server thread/WARN] [net.minecraft.server.MinecraftServer/]: Can't keep up! Is the server overloaded? Running 2780ms or 55 ticks behind
[21Feb2025 00:00:40.995] [Server thread/WARN] [net.minecraft.server.MinecraftServer/]: Can't keep up! Is the server overloaded? Running 3904ms or 78 ticks behind
[21Feb2025 00:00:59.480] [Server thread/WARN] [net.minecraft.server.MinecraftServer/]: Can't keep up! Is the server overloaded? Running 3489ms or 69 ticks behind
[21Feb2025 00:01:18.055] [Server thread/WARN] [net.minecraft.server.MinecraftServer/]: Can't keep up! Is the server overloaded? Running 3614ms or 72 ticks behind
[21Feb2025 00:01:36.507] [Server thread/WARN] [net.minecraft.server.MinecraftServer/]: Can't keep up! Is the server overloaded? Running 3466ms or 69 ticks behind
[21Feb2025 00:01:54.532] [Server thread/WARN] [net.minecraft.server.MinecraftServer/]: Can't keep up! Is the server overloaded? Running 3041ms or 60 ticks behind
[21Feb2025 00:02:13.092] [Server thread/WARN] [net.minecraft.server.MinecraftServer/]: Can't keep up! Is the server overloaded? Running 3601ms or 72 ticks behind
[21Feb2025 00:02:31.337] [Server thread/WARN] [net.minecraft.server.MinecraftServer/]: Can't keep up! Is the server overloaded? Running 3245ms or 64 ticks behind
[21Feb2025 00:02:49.508] [Server thread/WARN] [net.minecraft.server.MinecraftServer/]: Can't keep up! Is the server overloaded? Running 3217ms or 64 ticks behind
[21Feb2025 00:03:07.114] [Server thread/WARN] [net.minecraft.server.MinecraftServer/]: Can't keep up! Is the server overloaded? Running 2623ms or 52 ticks behind
[21Feb2025 00:03:24.391] [Server thread/WARN] [net.minecraft.server.MinecraftServer/]: Can't keep up! Is the server overloaded? Running 2299ms or 45 ticks behind
[21Feb2025 00:03:42.448] [Server thread/WARN] [net.minecraft.server.MinecraftServer/]: Can't keep up! Is the server overloaded? Running 3106ms or 62 ticks behind
[21Feb2025 00:04:00.595] [Server thread/WARN] [net.minecraft.server.MinecraftServer/]: Can't keep up! Is the server overloaded? Running 3154ms or 63 ticks behind
[21Feb2025 00:04:17.974] [Server thread/WARN] [net.minecraft.server.MinecraftServer/]: Can't keep up! Is the server overloaded? Running 2382ms or 47 ticks behind
[21Feb2025 00:04:35.952] [Server thread/WARN] [net.minecraft.server.MinecraftServer/]: Can't keep up! Is the server overloaded? Running 3011ms or 60 ticks behind
[21Feb2025 00:04:54.285] [Server thread/WARN] [net.minecraft.server.MinecraftServer/]: Can't keep up! Is the server overloaded? Running 3344ms or 66 ticks behind
[21Feb2025 00:05:13.395] [Server thread/WARN] [net.minecraft.server.MinecraftServer/]: Can't keep up! Is the server overloaded? Running 4154ms or 83 ticks behind
[21Feb2025 00:05:31.618] [Server thread/WARN] [net.minecraft.server.MinecraftServer/]: Can't keep up! Is the server overloaded? Running 3227ms or 64 ticks behind
[21Feb2025 00:05:49.402] [Server thread/WARN] [net.minecraft.server.MinecraftServer/]: Can't keep up! Is the server overloaded? Running 2810ms or 56 ticks behind
[21Feb2025 00:06:07.013] [Server thread/WARN] [net.minecraft.server.MinecraftServer/]: Can't keep up! Is the server overloaded? Running 2621ms or 52 ticks behind
[21Feb2025 00:06:24.487] [Server thread/WARN] [net.minecraft.server.MinecraftServer/]: Can't keep up! Is the server overloaded? Running 2495ms or 49 ticks behind
[21Feb2025 00:06:42.607] [Server thread/WARN] [net.minecraft.server.MinecraftServer/]: Can't keep up! Is the server overloaded? Running 3165ms or 63 ticks behind
[21Feb2025 00:07:00.554] [Server thread/WARN] [net.minecraft.server.MinecraftServer/]: Can't keep up! Is the server overloaded? Running 2963ms or 59 ticks behind
[21Feb2025 00:07:18.109] [Server thread/WARN] [net.minecraft.server.MinecraftServer/]: Can't keep up! Is the server overloaded? Running 2567ms or 51 ticks behind
[21Feb2025 00:07:35.501] [Server thread/WARN] [net.minecraft.server.MinecraftServer/]: Can't keep up! Is the server overloaded? Running 2409ms or 48 ticks behind
[21Feb2025 00:07:54.260] [Server thread/WARN] [net.minecraft.server.MinecraftServer/]: Can't keep up! Is the server overloaded? Running 3769ms or 75 ticks behind
[21Feb2025 00:08:12.877] [Server thread/WARN] [net.minecraft.server.MinecraftServer/]: Can't keep up! Is the server overloaded? Running 3635ms or 72 ticks behind
[21Feb2025 00:08:31.527] [Server thread/WARN] [net.minecraft.server.MinecraftServer/]: Can't keep up! Is the server overloaded? Running 3686ms or 73 ticks behind
[21Feb2025 00:08:50.184] [Server thread/WARN] [net.minecraft.server.MinecraftServer/]: Can't keep up! Is the server overloaded? Running 3692ms or 73 ticks behind
[21Feb2025 00:09:09.087] [Server thread/WARN] [net.minecraft.server.MinecraftServer/]: Can't keep up! Is the server overloaded? Running 3946ms or 78 ticks behind
[21Feb2025 00:09:27.593] [Server thread/WARN] [net.minecraft.server.MinecraftServer/]: Can't keep up! Is the server overloaded? Running 3552ms or 71 ticks behind
[21Feb2025 00:09:47.777] [Server thread/WARN] [net.minecraft.server.MinecraftServer/]: Can't keep up! Is the server overloaded? Running 5186ms or 103 ticks behind
[21Feb2025 00:10:05.458] [Server thread/WARN] [net.minecraft.server.MinecraftServer/]: Can't keep up! Is the server overloaded? Running 2716ms or 54 ticks behind
[21Feb2025 00:10:22.985] [Server thread/WARN] [net.minecraft.server.MinecraftServer/]: Can't keep up! Is the server overloaded? Running 2544ms or 50 ticks behind
[21Feb2025 00:10:40.345] [Server thread/WARN] [net.minecraft.server.MinecraftServer/]: Can't keep up! Is the server overloaded? Running 2403ms or 48 ticks behind
[21Feb2025 00:10:58.250] [Server thread/WARN] [net.minecraft.server.MinecraftServer/]: Can't keep up! Is the server overloaded? Running 2908ms or 58 ticks behind
[21Feb2025 00:11:15.298] [Server thread/WARN] [net.minecraft.server.MinecraftServer/]: Can't keep up! Is the server overloaded? Running 2056ms or 41 ticks behind
[21Feb2025 00:11:33.395] [Server thread/WARN] [net.minecraft.server.MinecraftServer/]: Can't keep up! Is the server overloaded? Running 3103ms or 62 ticks behind
[21Feb2025 00:11:50.748] [Server thread/WARN] [net.minecraft.server.MinecraftServer/]: Can't keep up! Is the server overloaded? Running 2357ms or 47 ticks behind
[21Feb2025 00:12:09.161] [Server thread/WARN] [net.minecraft.server.MinecraftServer/]: Can't keep up! Is the server overloaded? Running 3420ms or 68 ticks behind
[21Feb2025 00:12:27.395] [Server thread/WARN] [net.minecraft.server.MinecraftServer/]: Can't keep up! Is the server overloaded? Running 3254ms or 65 ticks behind
[21Feb2025 00:12:45.753] [Server thread/WARN] [net.minecraft.server.MinecraftServer/]: Can't keep up! Is the server overloaded? Running 3362ms or 67 ticks behind
[21Feb2025 00:13:04.707] [Server thread/WARN] [net.minecraft.server.MinecraftServer/]: Can't keep up! Is the server overloaded? Running 3965ms or 79 ticks behind
[21Feb2025 00:13:22.771] [Server thread/WARN] [net.minecraft.server.MinecraftServer/]: Can't keep up! Is the server overloaded? Running 3080ms or 61 ticks behind
[21Feb2025 00:13:40.603] [Server thread/WARN] [net.minecraft.server.MinecraftServer/]: Can't keep up! Is the server overloaded? Running 2861ms or 57 ticks behind
[21Feb2025 00:13:58.330] [Server thread/WARN] [net.minecraft.server.MinecraftServer/]: Can't keep up! Is the server overloaded? Running 2738ms or 54 ticks behind
[21Feb2025 00:14:16.385] [Server thread/WARN] [net.minecraft.server.MinecraftServer/]: Can't keep up! Is the server overloaded? Running 3094ms or 61 ticks behind
[21Feb2025 00:14:34.112] [Server thread/WARN] [net.minecraft.server.MinecraftServer/]: Can't keep up! Is the server overloaded? Running 2771ms or 55 ticks behind
[21Feb2025 00:14:51.874] [Server thread/WARN] [net.minecraft.server.MinecraftServer/]: Can't keep up! Is the server overloaded? Running 2783ms or 55 ticks behind
[21Feb2025 00:15:10.110] [Server thread/WARN] [net.minecraft.server.MinecraftServer/]: Can't keep up! Is the server overloaded? Running 3269ms or 65 ticks behind
[21Feb2025 00:15:28.052] [Server thread/WARN] [net.minecraft.server.MinecraftServer/]: Can't keep up! Is the server overloaded? Running 2960ms or 59 ticks behind
[21Feb2025 00:15:48.043] [Server thread/WARN] [net.minecraft.server.MinecraftServer/]: Can't keep up! Is the server overloaded? Running 5002ms or 100 ticks behind
[21Feb2025 00:16:07.307] [Server thread/WARN] [net.minecraft.server.MinecraftServer/]: Can't keep up! Is the server overloaded? Running 4265ms or 85 ticks behind
[21Feb2025 00:16:26.428] [Server thread/WARN] [net.minecraft.server.MinecraftServer/]: Can't keep up! Is the server overloaded? Running 4137ms or 82 ticks behind
[21Feb2025 00:16:45.075] [Server thread/WARN] [net.minecraft.server.MinecraftServer/]: Can't keep up! Is the server overloaded? Running 3684ms or 73 ticks behind
[21Feb2025 00:17:04.262] [Server thread/WARN] [net.minecraft.server.MinecraftServer/]: Can't keep up! Is the server overloaded? Running 4220ms or 84 ticks behind
[21Feb2025 00:17:23.120] [Server thread/WARN] [net.minecraft.server.MinecraftServer/]: Can't keep up! Is the server overloaded? Running 3879ms or 77 ticks behind
[21Feb2025 00:17:41.636] [Server thread/WARN] [net.minecraft.server.MinecraftServer/]: Can't keep up! Is the server overloaded? Running 3545ms or 70 ticks behind
[21Feb2025 00:18:00.436] [Server thread/WARN] [net.minecraft.server.MinecraftServer/]: Can't keep up! Is the server overloaded? Running 3844ms or 76 ticks behind
[21Feb2025 00:18:18.847] [Server thread/WARN] [net.minecraft.server.MinecraftServer/]: Can't keep up! Is the server overloaded? Running 3456ms or 69 ticks behind
[21Feb2025 00:18:37.437] [Server thread/WARN] [net.minecraft.server.MinecraftServer/]: Can't keep up! Is the server overloaded? Running 3596ms or 71 ticks behind
[21Feb2025 00:18:55.374] [Server thread/WARN] [net.minecraft.server.MinecraftServer/]: Can't keep up! Is the server overloaded? Running 2982ms or 59 ticks behind
[21Feb2025 00:19:14.301] [Server thread/WARN] [net.minecraft.server.MinecraftServer/]: Can't keep up! Is the server overloaded? Running 3959ms or 79 ticks behind
[21Feb2025 00:19:31.622] [Server thread/WARN] [net.minecraft.server.MinecraftServer/]: Can't keep up! Is the server overloaded? Running 2331ms or 46 ticks behind
[21Feb2025 00:19:49.199] [Server thread/WARN] [net.minecraft.server.MinecraftServer/]: Can't keep up! Is the server overloaded? Running 2607ms or 52 ticks behind
[21Feb2025 00:20:08.362] [Server thread/WARN] [net.minecraft.server.MinecraftServer/]: Can't keep up! Is the server overloaded? Running 4170ms or 83 ticks behind
[21Feb2025 00:20:26.114] [Server thread/WARN] [net.minecraft.server.MinecraftServer/]: Can't keep up! Is the server overloaded? Running 2773ms or 55 ticks behind
[21Feb2025 00:20:44.446] [Server thread/WARN] [net.minecraft.server.MinecraftServer/]: Can't keep up! Is the server overloaded? Running 3354ms or 67 ticks behind
[21Feb2025 00:21:02.815] [Server thread/WARN] [net.minecraft.server.MinecraftServer/]: Can't keep up! Is the server overloaded? Running 3373ms or 67 ticks behind
[21Feb2025 00:21:20.649] [Server thread/WARN] [net.minecraft.server.MinecraftServer/]: Can't keep up! Is the server overloaded? Running 2858ms or 57 ticks behind
[21Feb2025 00:21:38.943] [Server thread/WARN] [net.minecraft.server.MinecraftServer/]: Can't keep up! Is the server overloaded? Running 3302ms or 66 ticks behind
[21Feb2025 00:21:58.199] [Server thread/WARN] [net.minecraft.server.MinecraftServer/]: Can't keep up! Is the server overloaded? Running 4258ms or 85 ticks behind
[21Feb2025 00:22:16.867] [Server thread/WARN] [net.minecraft.server.MinecraftServer/]: Can't keep up! Is the server overloaded? Running 3676ms or 73 ticks behind
[21Feb2025 00:22:34.385] [Server thread/WARN] [net.minecraft.server.MinecraftServer/]: Can't keep up! Is the server overloaded? Running 2543ms or 50 ticks behind
[21Feb2025 00:22:52.585] [Server thread/WARN] [net.minecraft.server.MinecraftServer/]: Can't keep up! Is the server overloaded? Running 3244ms or 64 ticks behind
[21Feb2025 00:22:53.393] [VoiceChatPacketProcessingThread/INFO] [voicechat/]: [voicechat] Player 9ac1b4c2-68c8-3d4c-8269-acc1aa02aadf timed out
[21Feb2025 00:22:53.393] [VoiceChatPacketProcessingThread/INFO] [voicechat/]: [voicechat] Reconnecting player MICHELL_MK15
[21Feb2025 00:22:53.393] [VoiceChatPacketProcessingThread/INFO] [voicechat/]: [voicechat] Sent secret to MICHELL_MK15
[21Feb2025 00:22:59.295] [VoiceChatPacketProcessingThread/INFO] [voicechat/]: [voicechat] Successfully authenticated player 9ac1b4c2-68c8-3d4c-8269-acc1aa02aadf
[21Feb2025 00:23:00.318] [VoiceChatPacketProcessingThread/INFO] [voicechat/]: [voicechat] Successfully validated connection of player 9ac1b4c2-68c8-3d4c-8269-acc1aa02aadf
[21Feb2025 00:23:00.319] [VoiceChatPacketProcessingThread/INFO] [voicechat/]: [voicechat] Player MICHELL_MK15 (9ac1b4c2-68c8-3d4c-8269-acc1aa02aadf) successfully connected to voice chat
[21Feb2025 00:23:10.518] [Server thread/WARN] [net.minecraft.server.MinecraftServer/]: Can't keep up! Is the server overloaded? Running 2976ms or 59 ticks behind
[21Feb2025 00:23:28.606] [Server thread/WARN] [net.minecraft.server.MinecraftServer/]: Can't keep up! Is the server overloaded? Running 3115ms or 62 ticks behind
[21Feb2025 00:23:45.953] [Server thread/WARN] [net.minecraft.server.MinecraftServer/]: Can't keep up! Is the server overloaded? Running 2011ms or 40 ticks behind
[21Feb2025 00:24:03.890] [Server thread/WARN] [net.minecraft.server.MinecraftServer/]: Can't keep up! Is the server overloaded? Running 2948ms or 58 ticks behind
[21Feb2025 00:24:22.675] [Server thread/WARN] [net.minecraft.server.MinecraftServer/]: Can't keep up! Is the server overloaded? Running 3834ms or 76 ticks behind
[21Feb2025 00:24:40.045] [Server thread/WARN] [net.minecraft.server.MinecraftServer/]: Can't keep up! Is the server overloaded? Running 2404ms or 48 ticks behind
[21Feb2025 00:24:58.191] [Server thread/WARN] [net.minecraft.server.MinecraftServer/]: Can't keep up! Is the server overloaded? Running 3150ms or 63 ticks behind
[21Feb2025 00:25:15.711] [Server thread/WARN] [net.minecraft.server.MinecraftServer/]: Can't keep up! Is the server overloaded? Running 2519ms or 50 ticks behind
[21Feb2025 00:25:34.512] [Server thread/WARN] [net.minecraft.server.MinecraftServer/]: Can't keep up! Is the server overloaded? Running 3820ms or 76 ticks behind
[21Feb2025 00:25:52.968] [Server thread/WARN] [net.minecraft.server.MinecraftServer/]: Can't keep up! Is the server overloaded? Running 3476ms or 69 ticks behind
[21Feb2025 00:26:11.858] [Server thread/WARN] [net.minecraft.server.MinecraftServer/]: Can't keep up! Is the server overloaded? Running 3917ms or 78 ticks behind
[21Feb2025 00:26:30.078] [Server thread/WARN] [net.minecraft.server.MinecraftServer/]: Can't keep up! Is the server overloaded? Running 3236ms or 64 ticks behind
[21Feb2025 00:26:48.318] [Server thread/WARN] [net.minecraft.server.MinecraftServer/]: Can't keep up! Is the server overloaded? Running 3277ms or 65 ticks behind
[21Feb2025 00:27:06.598] [Server thread/WARN] [net.minecraft.server.MinecraftServer/]: Can't keep up! Is the server overloaded? Running 3307ms or 66 ticks behind
[21Feb2025 00:27:24.670] [Server thread/WARN] [net.minecraft.server.MinecraftServer/]: Can't keep up! Is the server overloaded? Running 3079ms or 61 ticks behind
[21Feb2025 00:27:42.530] [Server thread/WARN] [net.minecraft.server.MinecraftServer/]: Can't keep up! Is the server overloaded? Running 2889ms or 57 ticks behind
[21Feb2025 00:28:00.932] [Server thread/WARN] [net.minecraft.server.MinecraftServer/]: Can't keep up! Is the server overloaded? Running 3440ms or 68 ticks behind
[21Feb2025 00:28:19.190] [Server thread/WARN] [net.minecraft.server.MinecraftServer/]: Can't keep up! Is the server overloaded? Running 3298ms or 65 ticks behind
[21Feb2025 00:28:37.323] [Server thread/WARN] [net.minecraft.server.MinecraftServer/]: Can't keep up! Is the server overloaded? Running 3181ms or 63 ticks behind
[21Feb2025 00:28:56.104] [Server thread/WARN] [net.minecraft.server.MinecraftServer/]: Can't keep up! Is the server overloaded? Running 3813ms or 76 ticks behind
[21Feb2025 00:29:14.208] [Server thread/WARN] [net.minecraft.server.MinecraftServer/]: Can't keep up! Is the server overloaded? Running 3116ms or 62 ticks behind
[21Feb2025 00:29:32.140] [Server thread/WARN] [net.minecraft.server.MinecraftServer/]: Can't keep up! Is the server overloaded? Running 2948ms or 58 ticks behind
[21Feb2025 00:29:49.597] [Server thread/WARN] [net.minecraft.server.MinecraftServer/]: Can't keep up! Is the server overloaded? Running 2006ms or 40 ticks behind
[21Feb2025 00:30:07.753] [Server thread/WARN] [net.minecraft.server.MinecraftServer/]: Can't keep up! Is the server overloaded? Running 3161ms or 63 ticks behind
[21Feb2025 00:30:25.272] [Server thread/WARN] [net.minecraft.server.MinecraftServer/]: Can't keep up! Is the server overloaded? Running 2530ms or 50 ticks behind
[21Feb2025 00:30:43.744] [Server thread/WARN] [net.minecraft.server.MinecraftServer/]: Can't keep up! Is the server overloaded? Running 3503ms or 70 ticks behind
[21Feb2025 00:31:01.996] [Server thread/WARN] [net.minecraft.server.MinecraftServer/]: Can't keep up! Is the server overloaded? Running 3254ms or 65 ticks behind
[21Feb2025 00:31:19.922] [Server thread/WARN] [net.minecraft.server.MinecraftServer/]: Can't keep up! Is the server overloaded? Running 2931ms or 58 ticks behind
[21Feb2025 00:31:37.753] [Server thread/WARN] [net.minecraft.server.MinecraftServer/]: Can't keep up! Is the server overloaded? Running 2861ms or 57 ticks behind
[21Feb2025 00:31:55.140] [Server thread/WARN] [net.minecraft.server.MinecraftServer/]: Can't keep up! Is the server overloaded? Running 2399ms or 47 ticks behind
[21Feb2025 00:32:12.459] [Server thread/WARN] [net.minecraft.server.MinecraftServer/]: Can't keep up! Is the server overloaded? Running 2367ms or 47 ticks behind
[21Feb2025 00:32:29.914] [Server thread/WARN] [net.minecraft.server.MinecraftServer/]: Can't keep up! Is the server overloaded? Running 2473ms or 49 ticks behind
[21Feb2025 00:32:47.333] [Server thread/WARN] [net.minecraft.server.MinecraftServer/]: Can't keep up! Is the server overloaded? Running 2441ms or 48 ticks behind
[21Feb2025 00:33:04.775] [Server thread/WARN] [net.minecraft.server.MinecraftServer/]: Can't keep up! Is the server overloaded? Running 2484ms or 49 ticks behind
[21Feb2025 00:33:22.239] [Server thread/WARN] [net.minecraft.server.MinecraftServer/]: Can't keep up! Is the server overloaded? Running 2498ms or 49 ticks behind
[21Feb2025 00:33:41.658] [Server thread/WARN] [net.minecraft.server.MinecraftServer/]: Can't keep up! Is the server overloaded? Running 4467ms or 89 ticks behind
[21Feb2025 00:34:00.638] [Server thread/WARN] [net.minecraft.server.MinecraftServer/]: Can't keep up! Is the server overloaded? Running 3996ms or 79 ticks behind
[21Feb2025 00:34:19.450] [Server thread/WARN] [net.minecraft.server.MinecraftServer/]: Can't keep up! Is the server overloaded? Running 3858ms or 77 ticks behind
[21Feb2025 00:34:38.405] [Server thread/WARN] [net.minecraft.server.MinecraftServer/]: Can't keep up! Is the server overloaded? Running 3964ms or 79 ticks behind
[21Feb2025 00:34:56.957] [Server thread/WARN] [net.minecraft.server.MinecraftServer/]: Can't keep up! Is the server overloaded? Running 3566ms or 71 ticks behind
[21Feb2025 00:35:15.188] [Server thread/WARN] [net.minecraft.server.MinecraftServer/]: Can't keep up! Is the server overloaded? Running 3246ms or 64 ticks behind
[21Feb2025 00:35:32.796] [Server thread/WARN] [net.minecraft.server.MinecraftServer/]: Can't keep up! Is the server overloaded? Running 2654ms or 53 ticks behind
[21Feb2025 00:35:50.008] [Server thread/WARN] [net.minecraft.server.MinecraftServer/]: Can't keep up! Is the server overloaded? Running 2217ms or 44 ticks behind
[21Feb2025 00:36:07.827] [Server thread/WARN] [net.minecraft.server.MinecraftServer/]: Can't keep up! Is the server overloaded? Running 2836ms or 56 ticks behind
[21Feb2025 00:36:25.092] [Server thread/WARN] [net.minecraft.server.MinecraftServer/]: Can't keep up! Is the server overloaded? Running 2300ms or 46 ticks behind
[21Feb2025 00:36:42.306] [Server thread/WARN] [net.minecraft.server.MinecraftServer/]: Can't keep up! Is the server overloaded? Running 2214ms or 44 ticks behind
[21Feb2025 00:36:59.811] [Server thread/WARN] [net.minecraft.server.MinecraftServer/]: Can't keep up! Is the server overloaded? Running 2519ms or 50 ticks behind
[21Feb2025 00:37:17.951] [Server thread/WARN] [net.minecraft.server.MinecraftServer/]: Can't keep up! Is the server overloaded? Running 3160ms or 63 ticks behind
[21Feb2025 00:37:35.399] [Server thread/WARN] [net.minecraft.server.MinecraftServer/]: Can't keep up! Is the server overloaded? Running 2458ms or 49 ticks behind
[21Feb2025 00:37:53.636] [Server thread/WARN] [net.minecraft.server.MinecraftServer/]: Can't keep up! Is the server overloaded? Running 3244ms or 64 ticks behind
[21Feb2025 00:38:11.500] [Server thread/WARN] [net.minecraft.server.MinecraftServer/]: Can't keep up! Is the server overloaded? Running 2909ms or 58 ticks behind
[21Feb2025 00:38:29.496] [Server thread/WARN] [net.minecraft.server.MinecraftServer/]: Can't keep up! Is the server overloaded? Running 3005ms or 60 ticks behind
[21Feb2025 00:38:46.710] [Server thread/WARN] [net.minecraft.server.MinecraftServer/]: Can't keep up! Is the server overloaded? Running 2218ms or 44 ticks behind
[21Feb2025 00:39:03.824] [Server thread/WARN] [net.minecraft.server.MinecraftServer/]: Can't keep up! Is the server overloaded? Running 2132ms or 42 ticks behind
[21Feb2025 00:39:21.297] [Server thread/WARN] [net.minecraft.server.MinecraftServer/]: Can't keep up! Is the server overloaded? Running 2506ms or 50 ticks behind
[21Feb2025 00:39:40.096] [Server thread/WARN] [net.minecraft.server.MinecraftServer/]: Can't keep up! Is the server overloaded? Running 3804ms or 76 ticks behind
[21Feb2025 00:39:57.952] [Server thread/WARN] [net.minecraft.server.MinecraftServer/]: Can't keep up! Is the server overloaded? Running 2860ms or 57 ticks behind
[21Feb2025 00:40:15.949] [Server thread/WARN] [net.minecraft.server.MinecraftServer/]: Can't keep up! Is the server overloaded? Running 3007ms or 60 ticks behind
[21Feb2025 00:40:33.718] [Server thread/WARN] [net.minecraft.server.MinecraftServer/]: Can't keep up! Is the server overloaded? Running 2776ms or 55 ticks behind
[21Feb2025 00:40:51.075] [Server thread/WARN] [net.minecraft.server.MinecraftServer/]: Can't keep up! Is the server overloaded? Running 2384ms or 47 ticks behind
[21Feb2025 00:41:09.057] [Server thread/WARN] [net.minecraft.server.MinecraftServer/]: Can't keep up! Is the server overloaded? Running 3016ms or 60 ticks behind
[21Feb2025 00:41:25.593] [VoiceChatPacketProcessingThread/INFO] [voicechat/]: [voicechat] Player 9ac1b4c2-68c8-3d4c-8269-acc1aa02aadf timed out
[21Feb2025 00:41:25.593] [VoiceChatPacketProcessingThread/INFO] [voicechat/]: [voicechat] Reconnecting player MICHELL_MK15
[21Feb2025 00:41:25.597] [VoiceChatPacketProcessingThread/INFO] [voicechat/]: [voicechat] Sent secret to MICHELL_MK15
[21Feb2025 00:41:27.135] [Server thread/WARN] [net.minecraft.server.MinecraftServer/]: Can't keep up! Is the server overloaded? Running 3093ms or 61 ticks behind
[21Feb2025 00:41:28.942] [VoiceChatPacketProcessingThread/INFO] [voicechat/]: [voicechat] Successfully authenticated player 9ac1b4c2-68c8-3d4c-8269-acc1aa02aadf
[21Feb2025 00:41:29.955] [VoiceChatPacketProcessingThread/INFO] [voicechat/]: [voicechat] Successfully validated connection of player 9ac1b4c2-68c8-3d4c-8269-acc1aa02aadf
[21Feb2025 00:41:29.956] [VoiceChatPacketProcessingThread/INFO] [voicechat/]: [voicechat] Player MICHELL_MK15 (9ac1b4c2-68c8-3d4c-8269-acc1aa02aadf) successfully connected to voice chat
[21Feb2025 00:41:34.729] [Server thread/INFO] [net.minecraft.server.network.ServerGamePacketListenerImpl/]: MICHELL_MK15 lost connection: Disconnected
[21Feb2025 00:41:34.732] [Server thread/INFO] [voicechat/]: [voicechat] Disconnecting client MICHELL_MK15
[21Feb2025 00:41:34.753] [Server thread/INFO] [net.minecraft.server.MinecraftServer/]: MICHELL_MK15 left the game
[21Feb2025 01:18:04.764] [Server thread/INFO] [net.minecraft.server.network.ServerGamePacketListenerImpl/]: georgiscbb lost connection: Disconnected
[21Feb2025 01:18:04.765] [Server thread/INFO] [voicechat/]: [voicechat] Disconnecting client georgiscbb
[21Feb2025 01:18:04.778] [Server thread/INFO] [net.minecraft.server.MinecraftServer/]: georgiscbb left the game
[21Feb2025 01:49:06.006] [Netty Epoll Server IO #2/ERROR] [net.minecraftforge.network.NetworkRegistry/NETREGISTRY]: Channels [cobbledex:main,sophisticatedbackpacks:channel,playerrevive:main,cosmeticarmorreworked:main,paraglider:master,creativecore:main,comforts:main,carryon:carryonpackets,ic_air:main,cobblemonrider:network,curios:main,trashslot:network,sophisticatedcore:channel,cobblemon:main,simpletms:main,waystones:network] rejected vanilla connections
[21Feb2025 01:49:06.007] [Netty Epoll Server IO #2/INFO] [net.minecraftforge.server.ServerLifecycleHooks/SERVERHOOKS]: [/45.135.194.65:50512] Disconnecting VANILLA connection attempt: This server has mods that require Forge to be installed on the client. Contact your server admin for more details.
[21Feb2025 01:58:07.233] [User Authenticator #54/INFO] [net.minecraft.server.network.ServerLoginPacketListenerImpl/]: UUID of player MICHELL_MK15 is 9ac1b4c2-68c8-3d4c-8269-acc1aa02aadf
[21Feb2025 01:58:09.561] [Server thread/INFO] [net.minecraft.server.players.PlayerList/]: MICHELL_MK15[/179.6.54.5:28144] logged in with entity id 484446 at (1293.6789377965476, 71.0, 2026.8378119415952)
[21Feb2025 01:58:09.708] [Server thread/INFO] [net.minecraft.server.MinecraftServer/]: MICHELL_MK15 joined the game
[21Feb2025 01:58:09.750] [Server thread/INFO] [Jade/]: Syncing config to MICHELL_MK15 (9ac1b4c2-68c8-3d4c-8269-acc1aa02aadf)
[21Feb2025 01:58:09.977] [Server thread/INFO] [voicechat/]: [voicechat] Received secret request of MICHELL_MK15 (18)
[21Feb2025 01:58:09.977] [Server thread/INFO] [voicechat/]: [voicechat] Sent secret to MICHELL_MK15
[21Feb2025 01:58:11.770] [VoiceChatPacketProcessingThread/INFO] [voicechat/]: [voicechat] Successfully authenticated player 9ac1b4c2-68c8-3d4c-8269-acc1aa02aadf
[21Feb2025 01:58:12.763] [VoiceChatPacketProcessingThread/INFO] [voicechat/]: [voicechat] Successfully validated connection of player 9ac1b4c2-68c8-3d4c-8269-acc1aa02aadf
[21Feb2025 01:58:12.763] [VoiceChatPacketProcessingThread/INFO] [voicechat/]: [voicechat] Player MICHELL_MK15 (9ac1b4c2-68c8-3d4c-8269-acc1aa02aadf) successfully connected to voice chat
[21Feb2025 01:58:12.771] [Server thread/WARN] [net.minecraft.server.MinecraftServer/]: Can't keep up! Is the server overloaded? Running 2080ms or 41 ticks behind
[21Feb2025 02:00:43.207] [Server thread/INFO] [net.minecraft.server.network.ServerGamePacketListenerImpl/]: MICHELL_MK15 lost connection: Disconnected
[21Feb2025 02:00:43.212] [Server thread/INFO] [com.cobblemon.mod.common.Cobblemon/]: No battle could be found with the id: e1d3749c-dadb-4316-baf9-6254a25ef95e
[21Feb2025 02:00:43.213] [Server thread/INFO] [com.cobblemon.mod.common.Cobblemon/]: No battle could be found with the id: e1d3749c-dadb-4316-baf9-6254a25ef95e
[21Feb2025 02:00:43.214] [Server thread/INFO] [voicechat/]: [voicechat] Disconnecting client MICHELL_MK15
[21Feb2025 02:00:43.229] [Server thread/INFO] [net.minecraft.server.MinecraftServer/]: MICHELL_MK15 left the game
[21Feb2025 02:01:45.096] [User Authenticator #55/INFO] [net.minecraft.server.network.ServerLoginPacketListenerImpl/]: UUID of player MICHELL_MK15 is 9ac1b4c2-68c8-3d4c-8269-acc1aa02aadf
[21Feb2025 02:01:47.762] [Server thread/INFO] [net.minecraft.server.players.PlayerList/]: MICHELL_MK15[/179.6.54.5:35199] logged in with entity id 484455 at (1247.6186229221996, 68.0, 2002.7611837016038)
[21Feb2025 02:01:47.848] [Server thread/INFO] [net.minecraft.server.MinecraftServer/]: MICHELL_MK15 joined the game
[21Feb2025 02:01:47.879] [Server thread/INFO] [Jade/]: Syncing config to MICHELL_MK15 (9ac1b4c2-68c8-3d4c-8269-acc1aa02aadf)
[21Feb2025 02:01:48.057] [Server thread/INFO] [voicechat/]: [voicechat] Received secret request of MICHELL_MK15 (18)
[21Feb2025 02:01:48.057] [Server thread/INFO] [voicechat/]: [voicechat] Sent secret to MICHELL_MK15
[21Feb2025 02:01:50.226] [VoiceChatPacketProcessingThread/INFO] [voicechat/]: [voicechat] Successfully authenticated player 9ac1b4c2-68c8-3d4c-8269-acc1aa02aadf
[21Feb2025 02:01:51.237] [VoiceChatPacketProcessingThread/INFO] [voicechat/]: [voicechat] Successfully validated connection of player 9ac1b4c2-68c8-3d4c-8269-acc1aa02aadf
[21Feb2025 02:01:51.238] [VoiceChatPacketProcessingThread/INFO] [voicechat/]: [voicechat] Player MICHELL_MK15 (9ac1b4c2-68c8-3d4c-8269-acc1aa02aadf) successfully connected to voice chat
[21Feb2025 02:04:29.075] [Server thread/INFO] [net.minecraft.server.network.ServerGamePacketListenerImpl/]: MICHELL_MK15 lost connection: Disconnected
[21Feb2025 02:04:29.075] [Server thread/INFO] [voicechat/]: [voicechat] Disconnecting client MICHELL_MK15
[21Feb2025 02:04:29.083] [Server thread/INFO] [net.minecraft.server.MinecraftServer/]: MICHELL_MK15 left the game
[21Feb2025 02:05:26.484] [User Authenticator #56/INFO] [net.minecraft.server.network.ServerLoginPacketListenerImpl/]: UUID of player MICHELL_MK15 is 9ac1b4c2-68c8-3d4c-8269-acc1aa02aadf
[21Feb2025 02:05:32.849] [Server thread/INFO] [net.minecraft.server.players.PlayerList/]: MICHELL_MK15[/179.6.54.5:41320] logged in with entity id 484749 at (1198.3483010876291, 80.06861548256093, 1957.4099733990836)
[21Feb2025 02:05:32.931] [Server thread/INFO] [net.minecraft.server.MinecraftServer/]: MICHELL_MK15 joined the game
[21Feb2025 02:05:32.949] [Server thread/INFO] [Jade/]: Syncing config to MICHELL_MK15 (9ac1b4c2-68c8-3d4c-8269-acc1aa02aadf)
[21Feb2025 02:05:33.172] [Server thread/INFO] [voicechat/]: [voicechat] Received secret request of MICHELL_MK15 (18)
[21Feb2025 02:05:33.173] [Server thread/INFO] [voicechat/]: [voicechat] Sent secret to MICHELL_MK15
[21Feb2025 02:05:36.010] [VoiceChatPacketProcessingThread/INFO] [voicechat/]: [voicechat] Successfully authenticated player 9ac1b4c2-68c8-3d4c-8269-acc1aa02aadf
[21Feb2025 02:05:36.999] [VoiceChatPacketProcessingThread/INFO] [voicechat/]: [voicechat] Successfully validated connection of player 9ac1b4c2-68c8-3d4c-8269-acc1aa02aadf
[21Feb2025 02:05:37.000] [VoiceChatPacketProcessingThread/INFO] [voicechat/]: [voicechat] Player MICHELL_MK15 (9ac1b4c2-68c8-3d4c-8269-acc1aa02aadf) successfully connected to voice chat
[21Feb2025 02:08:33.883] [Server thread/INFO] [net.minecraft.server.network.ServerGamePacketListenerImpl/]: MICHELL_MK15 lost connection: Disconnected
[21Feb2025 02:08:33.889] [Server thread/INFO] [com.cobblemon.mod.common.Cobblemon/]: No battle could be found with the id: 4711cd10-2669-499d-9355-2c657b25ffa7
[21Feb2025 02:08:33.889] [Server thread/INFO] [com.cobblemon.mod.common.Cobblemon/]: No battle could be found with the id: 4711cd10-2669-499d-9355-2c657b25ffa7
[21Feb2025 02:08:33.890] [Server thread/INFO] [voicechat/]: [voicechat] Disconnecting client MICHELL_MK15
[21Feb2025 02:08:33.905] [Server thread/INFO] [net.minecraft.server.MinecraftServer/]: MICHELL_MK15 left the game
[21Feb2025 02:09:22.845] [User Authenticator #57/INFO] [net.minecraft.server.network.ServerLoginPacketListenerImpl/]: UUID of player MICHELL_MK15 is 9ac1b4c2-68c8-3d4c-8269-acc1aa02aadf
[21Feb2025 02:09:25.458] [Server thread/INFO] [net.minecraft.server.players.PlayerList/]: MICHELL_MK15[/179.6.54.5:48400] logged in with entity id 485185 at (1179.836788086317, 67.06565964946395, 2009.0515555065283)
[21Feb2025 02:09:25.537] [Server thread/INFO] [net.minecraft.server.MinecraftServer/]: MICHELL_MK15 joined the game
[21Feb2025 02:09:25.553] [Server thread/INFO] [Jade/]: Syncing config to MICHELL_MK15 (9ac1b4c2-68c8-3d4c-8269-acc1aa02aadf)
[21Feb2025 02:09:25.742] [Server thread/INFO] [voicechat/]: [voicechat] Received secret request of MICHELL_MK15 (18)
[21Feb2025 02:09:25.742] [Server thread/INFO] [voicechat/]: [voicechat] Sent secret to MICHELL_MK15
[21Feb2025 02:09:27.841] [VoiceChatPacketProcessingThread/INFO] [voicechat/]: [voicechat] Successfully authenticated player 9ac1b4c2-68c8-3d4c-8269-acc1aa02aadf
[21Feb2025 02:09:28.847] [VoiceChatPacketProcessingThread/INFO] [voicechat/]: [voicechat] Successfully validated connection of player 9ac1b4c2-68c8-3d4c-8269-acc1aa02aadf
[21Feb2025 02:09:28.847] [VoiceChatPacketProcessingThread/INFO] [voicechat/]: [voicechat] Player MICHELL_MK15 (9ac1b4c2-68c8-3d4c-8269-acc1aa02aadf) successfully connected to voice chat
[21Feb2025 02:10:30.927] [Server thread/INFO] [net.minecraft.server.network.ServerGamePacketListenerImpl/]: MICHELL_MK15 lost connection: Disconnected
[21Feb2025 02:10:30.931] [Server thread/INFO] [com.cobblemon.mod.common.Cobblemon/]: No battle could be found with the id: e4c05858-a6ff-4092-a219-858bfd3ee769
[21Feb2025 02:10:30.931] [Server thread/INFO] [com.cobblemon.mod.common.Cobblemon/]: No battle could be found with the id: e4c05858-a6ff-4092-a219-858bfd3ee769
[21Feb2025 02:10:30.931] [Server thread/INFO] [voicechat/]: [voicechat] Disconnecting client MICHELL_MK15
[21Feb2025 02:10:30.940] [Server thread/INFO] [net.minecraft.server.MinecraftServer/]: MICHELL_MK15 left the game
[21Feb2025 02:13:16.457] [User Authenticator #58/INFO] [net.minecraft.server.network.ServerLoginPacketListenerImpl/]: UUID of player MICHELL_MK15 is 9ac1b4c2-68c8-3d4c-8269-acc1aa02aadf
[21Feb2025 02:13:19.030] [Server thread/INFO] [net.minecraft.server.players.PlayerList/]: MICHELL_MK15[/179.6.54.5:56193] logged in with entity id 485204 at (1180.2007556878282, 67.06565964946395, 2009.202900949517)
[21Feb2025 02:13:19.061] [Server thread/INFO] [net.minecraft.server.MinecraftServer/]: MICHELL_MK15 joined the game
[21Feb2025 02:13:19.072] [Server thread/INFO] [Jade/]: Syncing config to MICHELL_MK15 (9ac1b4c2-68c8-3d4c-8269-acc1aa02aadf)
[21Feb2025 02:14:00.538] [spark-async-sampler-worker-thread/WARN] [spark/]: Timed out waiting for world statistics
[21Feb2025 02:14:24.993] [Server Watchdog/ERROR] [net.minecraft.server.dedicated.ServerWatchdog/FATAL]: A single server tick took 60.00 seconds (should be max 0.05)
[21Feb2025 02:14:24.993] [Server Watchdog/ERROR] [net.minecraft.server.dedicated.ServerWatchdog/FATAL]: Considering it to be crashed, server will forcibly shutdown.
[21Feb2025 02:14:27.609] [Server Watchdog/FATAL] [net.minecraftforge.common.ForgeMod/]: Preparing crash report with UUID 024429a3-c617-4ba5-ae73-2783820fcc5f
[21Feb2025 02:14:27.663] [Server Watchdog/FATAL] [net.minecraftforge.common.ForgeMod/]: Preparing crash report with UUID 31e37e99-d872-438f-a61a-d70b8cbe6f40
[21Feb2025 02:14:27.671] [Server Watchdog/ERROR] [net.minecraft.server.dedicated.ServerWatchdog/]: This crash report has been saved to: /home/server_1.20.1/./crash-reports/crash-2025-02-21_02.14.27-server.txt
[21Feb2025 02:14:27.673] [Server Shutdown Thread/INFO] [net.minecraft.server.MinecraftServer/]: Stopping server
[21Feb2025 02:14:27.675] [Server Shutdown Thread/INFO] [TrollV4/]: Disabling TrollV4 v4.5.29
[21Feb2025 02:14:27.691] [Server Shutdown Thread/INFO] [SkinsRestorer/]: Disabling SkinsRestorer v15.5.2
[21Feb2025 02:14:27.718] [Server Shutdown Thread/INFO] [LibsDisguises/]: Disabling LibsDisguises v10.0.44
[21Feb2025 02:14:27.721] [Server Shutdown Thread/INFO] [ProtocolLib/]: Disabling ProtocolLib v5.3.0
[21Feb2025 02:14:27.730] [Server Shutdown Thread/INFO] [BlockLocker/]: Disabling BlockLocker v1.12
[21Feb2025 02:14:27.732] [Server Shutdown Thread/INFO] [OpenInv/]: Disabling OpenInv v4.4.1
[21Feb2025 02:14:27.736] [Server Shutdown Thread/INFO] [Colored Signs/]: Disabling ColoredSigns v6.3.0.214
[21Feb2025 02:14:27.737] [Server Shutdown Thread/INFO] [Console/]: &cColored Signs is now disabled!
[21Feb2025 02:14:27.739] [Server Shutdown Thread/INFO] [spark/]: Disabling spark v1.10.119
[21Feb2025 02:14:27.765] [Server Shutdown Thread/INFO] [WorldEdit/]: Disabling WorldEdit v7.2.16+6534-2066eb4
[21Feb2025 02:14:27.816] [Server Shutdown Thread/INFO] [com.sk89q.worldedit.extension.platform.PlatformManager/]: Unregistering com.sk89q.worldedit.bukkit.BukkitServerInterface from WorldEdit
[21Feb2025 02:14:27.825] [Server Shutdown Thread/INFO] [ItemEditor/]: Disabling ItemEditor v2.0.3
[21Feb2025 02:14:27.827] [Server Shutdown Thread/INFO] [LuckPerms/]: Disabling LuckPerms v5.4.153
[21Feb2025 02:14:27.828] [Server Shutdown Thread/INFO] [LuckPerms/]: Starting shutdown process...
[21Feb2025 02:14:27.870] [Server Shutdown Thread/INFO] [LuckPerms/]: Closing storage...
[21Feb2025 02:14:27.878] [Server Shutdown Thread/INFO] [LuckPerms/]: Goodbye!
[21Feb2025 02:14:27.881] [Server Shutdown Thread/INFO] [NoteBlockAPI/]: Disabling NoteBlockAPI v1.6.3
[21Feb2025 02:14:27.885] [Server Shutdown Thread/INFO] [net.minecraft.server.MinecraftServer/]: Saving players
[21Feb2025 02:14:27.907] [Thread-11/ERROR] [STDERR/]: java.lang.NoClassDefFoundError: org/h2/api/ErrorCode
[21Feb2025 02:14:27.907] [Thread-11/ERROR] [STDERR/]: 	at org.h2.message.DbException.getJdbcSQLException(DbException.java:475)
[21Feb2025 02:14:27.907] [Thread-11/ERROR] [STDERR/]: 	at org.h2.message.DbException.get(DbException.java:212)
[21Feb2025 02:14:27.907] [Thread-11/ERROR] [STDERR/]: 	at org.h2.mvstore.db.Store.close(Store.java:402)
[21Feb2025 02:14:27.907] [Thread-11/ERROR] [STDERR/]: 	at org.h2.engine.Database.closeOpenFilesAndUnlock(Database.java:1261)
[21Feb2025 02:14:27.907] [Thread-11/ERROR] [STDERR/]: 	at org.h2.engine.Database.closeImpl(Database.java:1225)
[21Feb2025 02:14:27.907] [Thread-11/ERROR] [STDERR/]: 	at org.h2.engine.Database.close(Database.java:1144)
[21Feb2025 02:14:27.907] [Thread-11/ERROR] [STDERR/]: 	at org.h2.engine.OnExitDatabaseCloser.onShutdown(OnExitDatabaseCloser.java:85)
[21Feb2025 02:14:27.907] [Thread-11/ERROR] [STDERR/]: 	at org.h2.engine.OnExitDatabaseCloser.run(OnExitDatabaseCloser.java:114)
[21Feb2025 02:14:27.907] [Thread-11/ERROR] [STDERR/]: Caused by: java.lang.ClassNotFoundException: org.h2.api.ErrorCode
[21Feb2025 02:14:27.907] [Thread-11/ERROR] [STDERR/]: 	at TRANSFORMER/arclight@1.20.1-1.0.6-4e94eb76/io.izzel.arclight.common.mod.util.remapper.generated.RemappingURLClassLoader.findClass(RemappingURLClassLoader.java:90)
[21Feb2025 02:14:27.907] [Thread-11/ERROR] [STDERR/]: 	at java.base/java.lang.ClassLoader.loadClass(ClassLoader.java:593)
[21Feb2025 02:14:27.907] [Thread-11/ERROR] [STDERR/]: 	at java.base/java.lang.ClassLoader.loadClass(ClassLoader.java:526)
[21Feb2025 02:14:27.907] [Thread-11/ERROR] [STDERR/]: 	... 8 more
[21Feb2025 02:14:27.912] [Server Shutdown Thread/INFO] [net.minecraft.server.network.ServerGamePacketListenerImpl/]: MICHELL_MK15 lost connection: Server closed
[21Feb2025 02:14:27.914] [Server Shutdown Thread/INFO] [voicechat/]: [voicechat] Disconnecting client MICHELL_MK15
[21Feb2025 02:14:27.927] [Server Shutdown Thread/INFO] [net.minecraft.server.MinecraftServer/]: MICHELL_MK15 left the game.
